This is LuaHBTeX, Version 1.13.0 (TeX Live 2021/Arch Linux)  (format=lualatex 2021.6.10)  13 AUG 2021 09:52
 restricted system commands enabled.
**main
(./main.tex
LaTeX2e <2020-10-01> patch level 4
Lua module: luaotfload 2021-01-08 3.17 Lua based OpenType font support
Lua module: lualibs 2020-12-30 2.73 ConTeXt Lua standard libraries.
Lua module: lualibs-extended 2020-12-30 2.73 ConTeXt Lua libraries -- extended c
ollection.
luaotfload | conf : Root cache directory is "/home/iani/.texlive/texmf-var/luate
x-cache/generic/names".
luaotfload | init : Loading fontloader "fontloader-2021-01-07.lua" from kpse-res
olved path "/usr/share/texmf-dist/tex/luatex/luaotfload/fontloader-2021-01-07.lu
a".
Lua-only attribute luaotfload@noligature = 1
Lua-only attribute luaotfload@syllabe = 2
luaotfload | init : Context OpenType loader version 0x1.8e76c8b439581p+1
Inserting `luaotfload.node_processor' at position 1 in `pre_linebreak_filter'.
Inserting `luaotfload.node_processor' at position 1 in `hpack_filter'.
Inserting `luaotfload.glyph_stream' at position 1 in `glyph_stream_provider'.
Inserting `luaotfload.define_font' at position 1 in `define_font'.
Lua-only attribute luaotfload_color_attribute = 3
luaotfload | conf : Root cache directory is "/home/iani/.texlive/texmf-var/luate
x-cache/generic/names".
Inserting `luaotfload.harf.strip_prefix' at position 1 in `find_opentype_file'.
Inserting `luaotfload.harf.strip_prefix' at position 1 in `find_truetype_file'.
Inserting `luaotfload.harf.finalize_vlist' at position 1 in `post_linebreak_filt
er'.
Inserting `luaotfload.harf.finalize_hlist' at position 2 in `hpack_filter'.
Inserting `luaotfload.cleanup_files' at position 1 in `wrapup_run'.
Inserting `luaotfload.harf.finalize_unicode' at position 1 in `finish_pdffile'.
Inserting `luaotfload.glyphinfo' at position 1 in `glyph_info'.
Inserting `luaotfload.aux.set_sscale_dimens' at position 1 in `luaotfload.patch_
font'.
Inserting `luaotfload.aux.set_font_index' at position 2 in `luaotfload.patch_fon
t'.
Inserting `luaotfload.aux.patch_cambria_domh' at position 3 in `luaotfload.patch
_font'.
Inserting `luaotfload.aux.fixup_fontdata' at position 1 in `luaotfload.patch_fon
t_unsafe'.
Inserting `luaotfload.aux.set_capheight' at position 4 in `luaotfload.patch_font
'.
Inserting `luaotfload.aux.set_xheight' at position 5 in `luaotfload.patch_font'.
Inserting `luaotfload.rewrite_fontname' at position 6 in `luaotfload.patch_font'
. L3 programming layer <2021-02-18>
(/usr/share/texmf-dist/tex/latex/base/article.cls
Document Class: article 2020/04/10 v1.4m Standard LaTeX document class
(/usr/share/texmf-dist/tex/latex/base/size10.clo
File: size10.clo 2020/04/10 v1.4m Standard LaTeX file (size option)
luaotfload | db : Font names database loaded from /home/iani/.texlive/texmf-var/
luatex-cache/generic/names/luaotfload-names.luc)
\c@part=\count175
\c@section=\count176
\c@subsection=\count177
\c@subsubsection=\count178
\c@paragraph=\count179
\c@subparagraph=\count180
\c@figure=\count181
\c@table=\count182
\abovecaptionskip=\skip47
\belowcaptionskip=\skip48
\bibindent=\dimen138
)
(/usr/share/texmf-dist/tex/generic/babel/babel.sty
Package: babel 2021/03/24 3.56 The Babel package

(/usr/share/texmf-dist/tex/generic/babel/babel.def
File: babel.def 2021/03/24 3.56 Babel common definitions

(/usr/share/texmf-dist/tex/generic/babel/luababel.def
\bbl@readstream=\read2
\l@dumylang=\language2
Package babel Info: Non-standard hyphenation setup on input line 117.
\l@nohyphenation=\language3
\l@german-x-2021-02-26=\language4
\l@ngerman-x-2021-02-26=\language5
\l@afrikaans=\language6
\l@ancientgreek=\language7
\l@ibycus=\language8
\l@arabic=\language9
\l@armenian=\language10
\l@basque=\language11
\l@belarusian=\language12
\l@bulgarian=\language13
\l@catalan=\language14
\l@pinyin=\language15
\l@churchslavonic=\language16
\l@coptic=\language17
\l@croatian=\language18
\l@czech=\language19
\l@danish=\language20
\l@dutch=\language21
\l@ukenglish=\language22
\l@usenglishmax=\language23
\l@esperanto=\language24
\l@estonian=\language25
\l@ethiopic=\language26
\l@farsi=\language27
\l@finnish=\language28
\l@schoolfinnish=\language29
\l@french=\language30
\l@friulan=\language31
\l@galician=\language32
\l@georgian=\language33
\l@german=\language34
\l@ngerman=\language35
\l@swissgerman=\language36
\l@greek=\language37
\l@monogreek=\language38
\l@hungarian=\language39
\l@icelandic=\language40
\l@assamese=\language41
\l@bengali=\language42
\l@gujarati=\language43
\l@hindi=\language44
\l@kannada=\language45
\l@malayalam=\language46
\l@marathi=\language47
\l@oriya=\language48
\l@pali=\language49
\l@panjabi=\language50
\l@tamil=\language51
\l@telugu=\language52
\l@indonesian=\language53
\l@interlingua=\language54
\l@irish=\language55
\l@italian=\language56
\l@kurmanji=\language57
\l@classiclatin=\language58
\l@latin=\language59
\l@liturgicallatin=\language60
\l@latvian=\language61
\l@lithuanian=\language62
\l@macedonian=\language63
\l@mongolian=\language64
\l@mongolianlmc=\language65
\l@bokmal=\language66
\l@nynorsk=\language67
\l@occitan=\language68
\l@piedmontese=\language69
\l@polish=\language70
\l@portuguese=\language71
\l@romanian=\language72
\l@romansh=\language73
\l@russian=\language74
\l@sanskrit=\language75
\l@serbian=\language76
\l@serbianc=\language77
\l@slovak=\language78
\l@slovenian=\language79
\l@spanish=\language80
\l@swedish=\language81
\l@thai=\language82
\l@turkish=\language83
\l@turkmen=\language84
\l@ukrainian=\language85
\l@uppersorbian=\language86
\l@welsh=\language87
\babelcatcodetablenum=\catcodetable12
\bbl@pattcodes=\catcodetable13
)
\babel@savecnt=\count183
\U@D=\dimen139
\l@babelnohyphens=\language88

(/usr/share/texmf-dist/tex/generic/babel/luababel.def
\bbl@attr@locale=\attribute4
))
\bbl@attr@dir=\attribute5
Package babel Info: You haven't specified a language. I'll use 'nil'
(babel)             as the main language. Reported on input line 1160.

(/usr/share/texmf-dist/tex/generic/babel/nil.ldf
Language: nil 2021/03/24 3.56 Nil language
\l@nil=\language89
))
(/usr/share/texmf-dist/tex/generic/babel/locale/ar/babel-arabic.tex)
Package babel Info: Importing data for arabic
(babel)             from babel-ar.ini. Reported on input line 14.

(/usr/share/texmf-dist/tex/generic/babel/locale/en/babel-english.tex)
Package babel Info: Importing data for english
(babel)             from babel-en.ini. Reported on input line 15.
Package babel Info: \l@english = using hyphenrules for english
(babel)             (\language0) on input line 15.

(/usr/share/texmf-dist/tex/generic/babel/locale/hy/babel-armenian.tex)
Package babel Info: Importing data for armenian
(babel)             from babel-hy.ini. Reported on input line 16.
Package babel Info: \l@armenian = using hyphenrules for armenian
(babel)             (\language10) on input line 16.

(/usr/share/texmf-dist/tex/generic/babel/locale/bn/babel-bengali.tex)
Package babel Info: Importing data for bengali
(babel)             from babel-bn.ini. Reported on input line 17.
Package babel Info: \l@bengali = using hyphenrules for bengali
(babel)             (\language42) on input line 17.

(/usr/share/texmf-dist/tex/generic/babel/locale/el/babel-greek.tex)
Package babel Info: Importing data for greek
(babel)             from babel-el.ini. Reported on input line 18.
Package babel Info: \l@greek = using hyphenrules for monogreek
(babel)             (\language38) on input line 18.

(/usr/share/texmf-dist/tex/generic/babel/locale/el/babel-greek.tex)
(/usr/share/texmf-dist/tex/generic/babel/locale/he/babel-hebrew.tex)
Package babel Info: Importing data for hebrew
(babel)             from babel-he.ini. Reported on input line 19.
Package babel Info: \l@hebrew = using hyphenrules for nil
(babel)             (\language89) on input line 19.

(/usr/share/texmf-dist/tex/generic/babel/locale/ja/babel-japanese.tex)
Package babel Info: Importing data for japanese
(babel)             from babel-ja.ini. Reported on input line 20.
Package babel Info: \l@japanese = using hyphenrules for nil
(babel)             (\language89) on input line 20.
Inserting `Babel.hyphenate' at position 1 in `hyphenate'.
(/usr/share/texmf-dist/tex/generic/babel/locale/ko/babel-korean.tex)
Package babel Info: Importing data for korean
(babel)             from babel-ko.ini. Reported on input line 21.
Package babel Info: \l@korean = using hyphenrules for nil
(babel)             (\language89) on input line 21.

(/usr/share/texmf-dist/tex/generic/babel/locale/ro/babel-romanian.tex)
Package babel Info: Importing data for romanian
(babel)             from babel-ro.ini. Reported on input line 22.
Package babel Info: \l@romanian = using hyphenrules for romanian
(babel)             (\language72) on input line 22.

(/usr/share/texmf-dist/tex/generic/babel/locale/sr/babel-serbian.tex)
Package babel Info: Importing data for serbian
(babel)             from babel-sr.ini. Reported on input line 23.
Package babel Info: \l@serbian = using hyphenrules for serbianc
(babel)             (\language77) on input line 23.

(/usr/share/texmf-dist/tex/generic/babel/locale/vi/babel-vietnamese.tex)
Package babel Info: Importing data for vietnamese
(babel)             from babel-vi.ini. Reported on input line 24.
Package babel Info: \l@vietnamese = using hyphenrules for nil
(babel)             (\language89) on input line 24.

(/usr/share/texmf-dist/tex/latex/fontspec/fontspec.sty
(/usr/share/texmf-dist/tex/latex/l3packages/xparse/xparse.sty
(/usr/share/texmf-dist/tex/latex/l3kernel/expl3.sty
Package: expl3 2021-02-18 L3 programming layer (loader) 

(/usr/share/texmf-dist/tex/latex/l3backend/l3backend-luatex.def
File: l3backend-luatex.def 2021-03-18 L3 backend support: PDF output (LuaTeX)
\l__color_backend_stack_int=\count184
\l__pdf_internal_box=\box47
))
(/usr/share/texmf-dist/tex/latex/l3packages/xparse/xparse-2020-10-01.sty
(/usr/share/texmf-dist/tex/latex/l3packages/xparse/xparse-generic.tex)))
Package: fontspec 2020/02/21 v2.7i Font selection for XeLaTeX and LuaLaTeX
Lua module: fontspec 2020/02/21 2.7i Font selection for XeLaTeX and LuaLaTeX
(/usr/share/texmf-dist/tex/latex/fontspec/fontspec-luatex.sty
Package: fontspec-luatex 2020/02/21 v2.7i Font selection for XeLaTeX and LuaLaT
eX
\l__fontspec_script_int=\count185
\l__fontspec_language_int=\count186
\l__fontspec_strnum_int=\count187
\l__fontspec_tmp_int=\count188
\l__fontspec_tmpa_int=\count189
\l__fontspec_tmpb_int=\count190
\l__fontspec_tmpc_int=\count191
\l__fontspec_em_int=\count192
\l__fontspec_emdef_int=\count193
\l__fontspec_strong_int=\count194
\l__fontspec_strongdef_int=\count195
\l__fontspec_tmpa_dim=\dimen140
\l__fontspec_tmpb_dim=\dimen141
\l__fontspec_tmpc_dim=\dimen142

(/usr/share/texmf-dist/tex/latex/base/fontenc.sty
Package: fontenc 2020/08/10 v2.0s Standard LaTeX package
)
(/usr/share/texmf-dist/tex/latex/fontspec/fontspec.cfg)))
luaotfload | cache : Lookup cache loaded from /home/iani/.texlive/texmf-var/luat
ex-cache/generic/names/luaotfload-lookup-cache.luc.
luaotfload | aux : font no 26 (nil) does not define feature smcp for script dflt
 with language dflt
luaotfload | aux : font no 31 (nil) does not define feature smcp for script dflt
 with language dflt
luaotfload | aux : font no 32 (nil) does not define feature smcp for script dflt
 with language dflt
luaotfload | aux : font no 33 (nil) does not define feature smcp for script dflt
 with language dflt

Package fontspec Info: Font family 'FreeSerif(0)' created for font 'FreeSerif'
(fontspec)             with options [Ligatures=TeX,Script=Default].
(fontspec)              
(fontspec)              This font family consists of the following NFSS
(fontspec)             series/shapes:
(fontspec)              
(fontspec)             - 'normal' (m/n) with NFSS spec.:
(fontspec)             <->"FreeSerif:mode=node;script=DFLT;language=dflt;+tlig;
"
(fontspec)             - 'small caps'  (m/sc) with NFSS spec.: 
(fontspec)             - 'bold' (b/n) with NFSS spec.:
(fontspec)             <->"FreeSerif/B:mode=node;script=DFLT;language=dflt;+tli
g;"
(fontspec)             - 'bold small caps'  (b/sc) with NFSS spec.: 
(fontspec)             - 'italic' (m/it) with NFSS spec.:
(fontspec)             <->"FreeSerif/I:mode=node;script=DFLT;language=dflt;+tli
g;"
(fontspec)             - 'italic small caps'  (m/scit) with NFSS spec.: 
(fontspec)             - 'bold italic' (b/it) with NFSS spec.:
(fontspec)             <->"FreeSerif/BI:mode=node;script=DFLT;language=dflt;+tl
ig;"
(fontspec)             - 'bold italic small caps'  (b/scit) with NFSS spec.: 

 (./main.aux

Package babel Info: The following font families will use the default
(babel)             settings for all or some languages:
(babel)             * \sffamily = lmss
(babel)               [lmsans10-regular]:+tlig;
(babel)             * \ttfamily = lmtt
(babel)               [lmmono10-regular]:
(babel)             There is nothing intrinsically wrong with it, but
(babel)             'babel' will no set Script and Language, which could
(babel)             be relevant in some languages. If your document uses
(babel)             these families, consider redefining them with \babelfont.
(babel)             Reported on input line 3.

luaotfload | aux : font no 26 (nil) defines no feature for script arab with lang
uage ara

Package fontspec Warning: Font 'FreeSerif' is using the
(fontspec)                default features for language 'Arabic'.
(fontspec)                That's usually fine, because many languages
(fontspec)                require no specific features, but if the output is
(fontspec)                not as expected, consider selecting another font.

luaotfload | aux : font no 41 (nil) does not define feature smcp for script arab
 with language dflt
luaotfload | aux : font no 42 (nil) does not define feature smcp for script arab
 with language dflt
luaotfload | aux : font no 43 (nil) does not define feature smcp for script arab
 with language dflt
luaotfload | aux : font no 44 (nil) does not define feature smcp for script arab
 with language dflt

Package fontspec Info: Font family 'FreeSerif(1)' created for font 'FreeSerif'
(fontspec)             with options
(fontspec)             [Ligatures=TeX,Script=Arabic,Language=Arabic].
(fontspec)              
(fontspec)              This font family consists of the following NFSS
(fontspec)             series/shapes:
(fontspec)              
(fontspec)             - 'normal' (m/n) with NFSS spec.:
(fontspec)             <->"FreeSerif:mode=node;script=arab;language=dflt;+tlig;
"
(fontspec)             - 'small caps'  (m/sc) with NFSS spec.: 
(fontspec)             - 'bold' (b/n) with NFSS spec.:
(fontspec)             <->"FreeSerif/B:mode=node;script=arab;language=dflt;+tli
g;"
(fontspec)             - 'bold small caps'  (b/sc) with NFSS spec.: 
(fontspec)             - 'italic' (m/it) with NFSS spec.:
(fontspec)             <->"FreeSerif/I:mode=node;script=arab;language=dflt;+tli
g;"
(fontspec)             - 'italic small caps'  (m/scit) with NFSS spec.: 
(fontspec)             - 'bold italic' (b/it) with NFSS spec.:
(fontspec)             <->"FreeSerif/BI:mode=node;script=arab;language=dflt;+tl
ig;"
(fontspec)             - 'bold italic small caps'  (b/scit) with NFSS spec.: 

(/usr/share/texmf-dist/tex/generic/hyphen/zerohyph.tex)
luaotfload | aux : font no 26 (nil) defines no feature for script armn with lang
uage hye

Package fontspec Warning: Font 'FreeSerif' is using the
(fontspec)                default features for language 'Armenian'.
(fontspec)                That's usually fine, because many languages
(fontspec)                require no specific features, but if the output is
(fontspec)                not as expected, consider selecting another font.

luaotfload | aux : font no 50 (nil) does not define feature smcp for script armn
 with language dflt
luaotfload | aux : font no 51 (nil) does not define feature smcp for script armn
 with language dflt
luaotfload | aux : font no 52 (nil) does not define feature smcp for script armn
 with language dflt
luaotfload | aux : font no 53 (nil) does not define feature smcp for script armn
 with language dflt

Package fontspec Info: Font family 'FreeSerif(2)' created for font 'FreeSerif'
(fontspec)             with options
(fontspec)             [Ligatures=TeX,Script=Armenian,Language=Armenian].
(fontspec)              
(fontspec)              This font family consists of the following NFSS
(fontspec)             series/shapes:
(fontspec)              
(fontspec)             - 'normal' (m/n) with NFSS spec.:
(fontspec)             <->"FreeSerif:mode=node;script=armn;language=dflt;+tlig;
"
(fontspec)             - 'small caps'  (m/sc) with NFSS spec.: 
(fontspec)             - 'bold' (b/n) with NFSS spec.:
(fontspec)             <->"FreeSerif/B:mode=node;script=armn;language=dflt;+tli
g;"
(fontspec)             - 'bold small caps'  (b/sc) with NFSS spec.: 
(fontspec)             - 'italic' (m/it) with NFSS spec.:
(fontspec)             <->"FreeSerif/I:mode=node;script=armn;language=dflt;+tli
g;"
(fontspec)             - 'italic small caps'  (m/scit) with NFSS spec.: 
(fontspec)             - 'bold italic' (b/it) with NFSS spec.:
(fontspec)             <->"FreeSerif/BI:mode=node;script=armn;language=dflt;+tl
ig;"
(fontspec)             - 'bold italic small caps'  (b/scit) with NFSS spec.: 

(/usr/share/texmf-dist/tex/generic/hyph-utf8/loadhyph/loadhyph-hy.tex
UTF-8 Armenian hyphenation patterns
(/usr/share/texmf-dist/tex/generic/hyph-utf8/patterns/tex/hyph-hy.tex))
luaotfload | aux : font no 26 (nil) defines no feature for script grek with lang
uage ell

Package fontspec Warning: Font 'FreeSerif' is using the
(fontspec)                default features for language 'Greek'.
(fontspec)                That's usually fine, because many languages
(fontspec)                require no specific features, but if the output is
(fontspec)                not as expected, consider selecting another font.

luaotfload | aux : font no 59 (nil) does not define feature smcp for script grek
 with language dflt
luaotfload | aux : font no 60 (nil) does not define feature smcp for script grek
 with language dflt
luaotfload | aux : font no 61 (nil) does not define feature smcp for script grek
 with language dflt
luaotfload | aux : font no 62 (nil) does not define feature smcp for script grek
 with language dflt

Package fontspec Info: Font family 'FreeSerif(3)' created for font 'FreeSerif'
(fontspec)             with options
(fontspec)             [Ligatures=TeX,Script=Greek,Language=Greek].
(fontspec)              
(fontspec)              This font family consists of the following NFSS
(fontspec)             series/shapes:
(fontspec)              
(fontspec)             - 'normal' (m/n) with NFSS spec.:
(fontspec)             <->"FreeSerif:mode=node;script=grek;language=dflt;+tlig;
"
(fontspec)             - 'small caps'  (m/sc) with NFSS spec.: 
(fontspec)             - 'bold' (b/n) with NFSS spec.:
(fontspec)             <->"FreeSerif/B:mode=node;script=grek;language=dflt;+tli
g;"
(fontspec)             - 'bold small caps'  (b/sc) with NFSS spec.: 
(fontspec)             - 'italic' (m/it) with NFSS spec.:
(fontspec)             <->"FreeSerif/I:mode=node;script=grek;language=dflt;+tli
g;"
(fontspec)             - 'italic small caps'  (m/scit) with NFSS spec.: 
(fontspec)             - 'bold italic' (b/it) with NFSS spec.:
(fontspec)             <->"FreeSerif/BI:mode=node;script=grek;language=dflt;+tl
ig;"
(fontspec)             - 'bold italic small caps'  (b/scit) with NFSS spec.: 

(/usr/share/texmf-dist/tex/generic/hyph-utf8/loadhyph/loadhyph-el-monoton.tex
UTF-8 Hyphenation patterns for uni-accent (monotonic) Modern Greek
(/usr/share/texmf-dist/tex/generic/hyph-utf8/patterns/tex/hyph-el-monoton.tex))
luaotfload | aux : font no 68 (nil) does not define feature smcp for script hebr
 with language iwr
luaotfload | aux : font no 69 (nil) does not define feature smcp for script hebr
 with language iwr
luaotfload | aux : font no 70 (nil) does not define feature smcp for script hebr
 with language iwr
luaotfload | aux : font no 71 (nil) does not define feature smcp for script hebr
 with language iwr

Package fontspec Info: Font family 'FreeSerif(4)' created for font 'FreeSerif'
(fontspec)             with options
(fontspec)             [Ligatures=TeX,Script=Hebrew,Language=Hebrew].
(fontspec)              
(fontspec)              This font family consists of the following NFSS
(fontspec)             series/shapes:
(fontspec)              
(fontspec)             - 'normal' (m/n) with NFSS spec.:
(fontspec)             <->"FreeSerif:mode=node;script=hebr;language=IWR;+tlig;"

(fontspec)             - 'small caps'  (m/sc) with NFSS spec.: 
(fontspec)             - 'bold' (b/n) with NFSS spec.:
(fontspec)             <->"FreeSerif/B:mode=node;script=hebr;language=IWR;+tlig
;"
(fontspec)             - 'bold small caps'  (b/sc) with NFSS spec.: 
(fontspec)             - 'italic' (m/it) with NFSS spec.:
(fontspec)             <->"FreeSerif/I:mode=node;script=hebr;language=IWR;+tlig
;"
(fontspec)             - 'italic small caps'  (m/scit) with NFSS spec.: 
(fontspec)             - 'bold italic' (b/it) with NFSS spec.:
(fontspec)             <->"FreeSerif/BI:mode=node;script=hebr;language=IWR;+tli
g;"
(fontspec)             - 'bold italic small caps'  (b/scit) with NFSS spec.: 

luaotfload | aux : font no 74 (nil) defines no feature for script kana with lang
uage jan

Package fontspec Warning: Font 'IPAexMincho' is using the
(fontspec)                default features for language 'Japanese'.
(fontspec)                That's usually fine, because many languages
(fontspec)                require no specific features, but if the output is
(fontspec)                not as expected, consider selecting another font.


Package fontspec Info: Could not resolve font "IPAexMincho/BI" (it probably
(fontspec)             doesn't exist).


Package fontspec Info: Could not resolve font "IPAexMincho/B" (it probably
(fontspec)             doesn't exist).


Package fontspec Info: Could not resolve font "IPAexMincho/I" (it probably
(fontspec)             doesn't exist).

luaotfload | aux : font no 76 (nil) does not define feature smcp for script kana
 with language dflt

Package fontspec Info: Font family 'IPAexMincho(0)' created for font
(fontspec)             'IPAexMincho' with options
(fontspec)             [Ligatures=TeX,Script=Japanese,Language=Japanese].
(fontspec)              
(fontspec)              This font family consists of the following NFSS
(fontspec)             series/shapes:
(fontspec)              
(fontspec)             - 'normal' (m/n) with NFSS spec.:
(fontspec)             <->"IPAexMincho:mode=node;script=kana;language=dflt;+tli
g;"
(fontspec)             - 'small caps'  (m/sc) with NFSS spec.: 

luaotfload | aux : font no 79 (nil) defines no feature for script hani

Package fontspec Warning: Font 'BaekmukGulim' is using the
(fontspec)                default features for script 'CJK'.
(fontspec)                That's not always wrong, but if the output is
(fontspec)                not as expected, consider selecting another font.

luaotfload | aux : font no 79 (nil) defines no feature for script latn
luaotfload | aux : font no 79 (nil) defines no feature for script dflt

Package fontspec Warning: Font 'BaekmukGulim' is using the
(fontspec)                default features for language 'Korean'.
(fontspec)                That's usually fine, because many languages
(fontspec)                require no specific features, but if the output is
(fontspec)                not as expected, consider selecting another font.


Package fontspec Info: Could not resolve font "BaekmukGulim/BI" (it probably
(fontspec)             doesn't exist).


Package fontspec Info: Could not resolve font "BaekmukGulim/B" (it probably
(fontspec)             doesn't exist).


Package fontspec Info: Could not resolve font "BaekmukGulim/I" (it probably
(fontspec)             doesn't exist).


Package fontspec Info: Font family 'BaekmukGulim(0)' created for font 'Baekmuk
(fontspec)             Gulim' with options
(fontspec)             [Ligatures=TeX,Script=CJK,Language=Korean].
(fontspec)              
(fontspec)              This font family consists of the following NFSS
(fontspec)             series/shapes:
(fontspec)              
(fontspec)             - 'normal' (m/n) with NFSS spec.:
(fontspec)             <->"BaekmukGulim:mode=node;language=dflt;+tlig;"
(fontspec)             - 'small caps'  (m/sc) with NFSS spec.: 

luaotfload | aux : font no 26 (nil) defines no feature for script latn with lang
uage rom

Package fontspec Warning: Font 'FreeSerif' is using the
(fontspec)                default features for language 'Romanian'.
(fontspec)                That's usually fine, because many languages
(fontspec)                require no specific features, but if the output is
(fontspec)                not as expected, consider selecting another font.

luaotfload | aux : font no 88 (nil) does not define feature smcp for script latn
 with language dflt
luaotfload | aux : font no 89 (nil) does not define feature smcp for script latn
 with language dflt

Package fontspec Info: Font family 'FreeSerif(5)' created for font 'FreeSerif'
(fontspec)             with options
(fontspec)             [Ligatures=TeX,Script=Latin,Language=Romanian].
(fontspec)              
(fontspec)              This font family consists of the following NFSS
(fontspec)             series/shapes:
(fontspec)              
(fontspec)             - 'normal' (m/n) with NFSS spec.:
(fontspec)             <->"FreeSerif:mode=node;script=latn;language=dflt;+tlig;
"
(fontspec)             - 'small caps'  (m/sc) with NFSS spec.:
(fontspec)             <->"FreeSerif:mode=node;script=latn;language=dflt;+tlig;
+smcp;"
(fontspec)             - 'bold' (b/n) with NFSS spec.:
(fontspec)             <->"FreeSerif/B:mode=node;script=latn;language=dflt;+tli
g;"
(fontspec)             - 'bold small caps'  (b/sc) with NFSS spec.:
(fontspec)             <->"FreeSerif/B:mode=node;script=latn;language=dflt;+tli
g;+smcp;"
(fontspec)             - 'italic' (m/it) with NFSS spec.:
(fontspec)             <->"FreeSerif/I:mode=node;script=latn;language=dflt;+tli
g;"
(fontspec)             - 'italic small caps'  (m/scit) with NFSS spec.: 
(fontspec)             - 'bold italic' (b/it) with NFSS spec.:
(fontspec)             <->"FreeSerif/BI:mode=node;script=latn;language=dflt;+tl
ig;"
(fontspec)             - 'bold italic small caps'  (b/scit) with NFSS spec.: 

(/usr/share/texmf-dist/tex/generic/hyph-utf8/loadhyph/loadhyph-ro.tex
UTF-8 Romanian hyphenation patterns
(/usr/share/texmf-dist/tex/generic/hyph-utf8/patterns/tex/hyph-ro.tex))
luaotfload | aux : font no 95 (nil) does not define feature smcp for script cyrl
 with language srb
luaotfload | aux : font no 96 (nil) does not define feature smcp for script cyrl
 with language srb
luaotfload | aux : font no 97 (nil) does not define feature smcp for script cyrl
 with language srb
luaotfload | aux : font no 98 (nil) does not define feature smcp for script cyrl
 with language srb

Package fontspec Info: Font family 'FreeSerif(6)' created for font 'FreeSerif'
(fontspec)             with options
(fontspec)             [Ligatures=TeX,Script=Cyrillic,Language=Serbian].
(fontspec)              
(fontspec)              This font family consists of the following NFSS
(fontspec)             series/shapes:
(fontspec)              
(fontspec)             - 'normal' (m/n) with NFSS spec.:
(fontspec)             <->"FreeSerif:mode=node;script=cyrl;language=SRB;+tlig;"

(fontspec)             - 'small caps'  (m/sc) with NFSS spec.: 
(fontspec)             - 'bold' (b/n) with NFSS spec.:
(fontspec)             <->"FreeSerif/B:mode=node;script=cyrl;language=SRB;+tlig
;"
(fontspec)             - 'bold small caps'  (b/sc) with NFSS spec.: 
(fontspec)             - 'italic' (m/it) with NFSS spec.:
(fontspec)             <->"FreeSerif/I:mode=node;script=cyrl;language=SRB;+tlig
;"
(fontspec)             - 'italic small caps'  (m/scit) with NFSS spec.: 
(fontspec)             - 'bold italic' (b/it) with NFSS spec.:
(fontspec)             <->"FreeSerif/BI:mode=node;script=cyrl;language=SRB;+tli
g;"
(fontspec)             - 'bold italic small caps'  (b/scit) with NFSS spec.: 


(/usr/share/texmf-dist/tex/generic/hyph-utf8/loadhyph/loadhyph-sr-cyrl.tex
UTF-8 Serbian hyphenation patterns
(/usr/share/texmf-dist/tex/generic/hyph-utf8/patterns/tex/hyph-sh-latn.tex)
(/usr/share/texmf-dist/tex/generic/hyph-utf8/patterns/tex/hyph-sh-cyrl.tex))
luaotfload | aux : font no 26 (nil) defines no feature for script latn with lang
uage vit

Package fontspec Warning: Font 'FreeSerif' is using the
(fontspec)                default features for language 'Vietnamese'.
(fontspec)                That's usually fine, because many languages
(fontspec)                require no specific features, but if the output is
(fontspec)                not as expected, consider selecting another font.

luaotfload | aux : font no 88 (nil) does not define feature smcp for script latn
 with language dflt
luaotfload | aux : font no 89 (nil) does not define feature smcp for script latn
 with language dflt

Package fontspec Info: Font family 'FreeSerif(7)' created for font 'FreeSerif'
(fontspec)             with options
(fontspec)             [Ligatures=TeX,Script=Latin,Language=Vietnamese].
(fontspec)              
(fontspec)              This font family consists of the following NFSS
(fontspec)             series/shapes:
(fontspec)              
(fontspec)             - 'normal' (m/n) with NFSS spec.:
(fontspec)             <->"FreeSerif:mode=node;script=latn;language=dflt;+tlig;
"
(fontspec)             - 'small caps'  (m/sc) with NFSS spec.:
(fontspec)             <->"FreeSerif:mode=node;script=latn;language=dflt;+tlig;
+smcp;"
(fontspec)             - 'bold' (b/n) with NFSS spec.:
(fontspec)             <->"FreeSerif/B:mode=node;script=latn;language=dflt;+tli
g;"
(fontspec)             - 'bold small caps'  (b/sc) with NFSS spec.:
(fontspec)             <->"FreeSerif/B:mode=node;script=latn;language=dflt;+tli
g;+smcp;"
(fontspec)             - 'italic' (m/it) with NFSS spec.:
(fontspec)             <->"FreeSerif/I:mode=node;script=latn;language=dflt;+tli
g;"
(fontspec)             - 'italic small caps'  (m/scit) with NFSS spec.: 
(fontspec)             - 'bold italic' (b/it) with NFSS spec.:
(fontspec)             <->"FreeSerif/BI:mode=node;script=latn;language=dflt;+tl
ig;"
(fontspec)             - 'bold italic small caps'  (b/scit) with NFSS spec.: 

)
\openout1 = main.aux

LaTeX Font Info:    Checking defaults for OML/cmm/m/it on input line 36.
LaTeX Font Info:    ... okay on input line 36.
LaTeX Font Info:    Checking defaults for OMS/cmsy/m/n on input line 36.
LaTeX Font Info:    ... okay on input line 36.
LaTeX Font Info:    Checking defaults for OT1/cmr/m/n on input line 36.
LaTeX Font Info:    ... okay on input line 36.
LaTeX Font Info:    Checking defaults for T1/cmr/m/n on input line 36.
LaTeX Font Info:    ... okay on input line 36.
LaTeX Font Info:    Checking defaults for TS1/cmr/m/n on input line 36.
LaTeX Font Info:    Trying to load font information for TS1+cmr on input line 3
6.
 (/usr/share/texmf-dist/tex/latex/base/ts1cmr.fd
File: ts1cmr.fd 2019/12/16 v2.5j Standard LaTeX font definitions
)
LaTeX Font Info:    ... okay on input line 36.
LaTeX Font Info:    Checking defaults for TU/lmr/m/n on input line 36.
LaTeX Font Info:    ... okay on input line 36.
LaTeX Font Info:    Checking defaults for OMX/cmex/m/n on input line 36.
LaTeX Font Info:    ... okay on input line 36.
LaTeX Font Info:    Checking defaults for U/cmr/m/n on input line 36.
LaTeX Font Info:    ... okay on input line 36.

Package fontspec Info: Adjusting the maths setup (use [no-math] to avoid
(fontspec)             this).

\symlegacymaths=\mathgroup4
LaTeX Font Info:    Overwriting symbol font `legacymaths' in version `bold'
(Font)                  OT1/cmr/m/n --> OT1/cmr/bx/n on input line 36.
LaTeX Font Info:    Redeclaring math accent \acute on input line 36.
LaTeX Font Info:    Redeclaring math accent \grave on input line 36.
LaTeX Font Info:    Redeclaring math accent \ddot on input line 36.
LaTeX Font Info:    Redeclaring math accent \tilde on input line 36.
LaTeX Font Info:    Redeclaring math accent \bar on input line 36.
LaTeX Font Info:    Redeclaring math accent \breve on input line 36.
LaTeX Font Info:    Redeclaring math accent \check on input line 36.
LaTeX Font Info:    Redeclaring math accent \hat on input line 36.
LaTeX Font Info:    Redeclaring math accent \dot on input line 36.
LaTeX Font Info:    Redeclaring math accent \mathring on input line 36.
LaTeX Font Info:    Redeclaring math symbol \colon on input line 36.
LaTeX Font Info:    Redeclaring math symbol \Gamma on input line 36.
LaTeX Font Info:    Redeclaring math symbol \Delta on input line 36.
LaTeX Font Info:    Redeclaring math symbol \Theta on input line 36.
LaTeX Font Info:    Redeclaring math symbol \Lambda on input line 36.
LaTeX Font Info:    Redeclaring math symbol \Xi on input line 36.
LaTeX Font Info:    Redeclaring math symbol \Pi on input line 36.
LaTeX Font Info:    Redeclaring math symbol \Sigma on input line 36.
LaTeX Font Info:    Redeclaring math symbol \Upsilon on input line 36.
LaTeX Font Info:    Redeclaring math symbol \Phi on input line 36.
LaTeX Font Info:    Redeclaring math symbol \Psi on input line 36.
LaTeX Font Info:    Redeclaring math symbol \Omega on input line 36.
LaTeX Font Info:    Redeclaring math symbol \mathdollar on input line 36.
LaTeX Font Info:    Redeclaring symbol font `operators' on input line 36.
LaTeX Font Info:    Encoding `OT1' has changed to `TU' for symbol font
(Font)              `operators' in the math version `normal' on input line 36.
LaTeX Font Info:    Overwriting symbol font `operators' in version `normal'
(Font)                  OT1/cmr/m/n --> TU/FreeSerif(0)/m/n on input line 36.
LaTeX Font Info:    Encoding `OT1' has changed to `TU' for symbol font
(Font)              `operators' in the math version `bold' on input line 36.
LaTeX Font Info:    Overwriting symbol font `operators' in version `bold'
(Font)                  OT1/cmr/bx/n --> TU/FreeSerif(0)/m/n on input line 36.
LaTeX Font Info:    Overwriting symbol font `operators' in version `normal'
(Font)                  TU/FreeSerif(0)/m/n --> TU/FreeSerif(0)/m/n on input li
ne 36.
LaTeX Font Info:    Overwriting math alphabet `\mathit' in version `normal'
(Font)                  OT1/cmr/m/it --> TU/FreeSerif(0)/m/it on input line 36.

LaTeX Font Info:    Overwriting math alphabet `\mathbf' in version `normal'
(Font)                  OT1/cmr/bx/n --> TU/FreeSerif(0)/b/n on input line 36.
LaTeX Font Info:    Overwriting math alphabet `\mathsf' in version `normal'
(Font)                  OT1/cmss/m/n --> TU/lmss/m/n on input line 36.
LaTeX Font Info:    Overwriting math alphabet `\mathtt' in version `normal'
(Font)                  OT1/cmtt/m/n --> TU/lmtt/m/n on input line 36.
LaTeX Font Info:    Overwriting symbol font `operators' in version `bold'
(Font)                  TU/FreeSerif(0)/m/n --> TU/FreeSerif(0)/b/n on input li
ne 36.
LaTeX Font Info:    Overwriting math alphabet `\mathit' in version `bold'
(Font)                  OT1/cmr/bx/it --> TU/FreeSerif(0)/b/it on input line 36
.
LaTeX Font Info:    Overwriting math alphabet `\mathsf' in version `bold'
(Font)                  OT1/cmss/bx/n --> TU/lmss/b/n on input line 36.
LaTeX Font Info:    Overwriting math alphabet `\mathtt' in version `bold'
(Font)                  OT1/cmtt/m/n --> TU/lmtt/b/n on input line 36.


LaTeX Font Warning: Font shape `TU/IPAexMincho(0)/b/n' undefined
(Font)              using `TU/IPAexMincho(0)/m/n' instead on input line 54.


LaTeX Font Warning: Font shape `TU/BaekmukGulim(0)/b/n' undefined
(Font)              using `TU/BaekmukGulim(0)/m/n' instead on input line 58.

[1

{/var/lib/texmf/fonts/map/pdftex/updmap/pdftex.map}] [2] (./main.aux)

LaTeX Font Warning: Some font shapes were not available, defaults substituted.

)

Here is how much of LuaTeX's memory you used:
 5605 strings out of 478531
 125098,662416 words of node,token memory allocated
 414 words of node memory still in use:
   3 hlist, 1 vlist, 1 rule, 2 glue, 3 kern, 1 glyph, 8 attribute, 48 glue_spec,
 4 attribute_list, 1 write nodes
   avail lists: 2:327,3:120,4:12,5:190,6:32,7:2869,9:83,10:7,11:159
 25375 multiletter control sequences out of 65536+600000
 114 fonts using 105897103 bytes
 83i,4n,99p,8287b,603s stack positions out of 5000i,500n,10000p,200000b,80000s
</usr/share/fonts/TTF/gulim.ttf></usr/share/fonts/OTF/ipaexm.ttf></usr/share/tex
mf-dist/fonts/opentype/public/gnu-freefont/FreeSerifBold.otf></usr/share/texmf-d
ist/fonts/opentype/public/gnu-freefont/FreeSerif.otf>
Output written on main.pdf (2 pages, 228107 bytes).

PDF statistics: 39 PDF objects out of 1000 (max. 8388607)
 22 compressed objects within 1 object stream
 0 named destinations out of 1000 (max. 131072)
 1 words of extra memory for PDF output out of 10000 (max. 100000000)

